[Sun Jan 04 2015 23:33:19 GMT+0800 (CST)] /{}{}
[Sun Jan 04 2015 23:33:19 GMT+0800 (CST)] /javascripts/jquery.js{}{}
[Sun Jan 04 2015 23:33:21 GMT+0800 (CST)] /logout{}{}
[Sun Jan 04 2015 23:33:21 GMT+0800 (CST)] /{}{}
[Sun Jan 04 2015 23:33:21 GMT+0800 (CST)] /javascripts/jquery.js{}{}
[Sun Jan 04 2015 23:33:22 GMT+0800 (CST)] /login{}{}
[Sun Jan 04 2015 23:33:22 GMT+0800 (CST)] /javascripts/jquery.js{}{}
[Sun Jan 04 2015 23:33:25 GMT+0800 (CST)] /login{ username: '1', password: '123' }{}
[Sun Jan 04 2015 23:33:25 GMT+0800 (CST)] /{}{}
[Sun Jan 04 2015 23:33:25 GMT+0800 (CST)] /javascripts/jquery.js{}{}
[Sun Jan 04 2015 23:49:44 GMT+0800 (CST)] / {} {}
[Sun Jan 04 2015 23:49:44 GMT+0800 (CST)] /javascripts/jquery.js {} {}
[Sun Jan 04 2015 23:49:46 GMT+0800 (CST)] /users/1 {} {}
[Sun Jan 04 2015 23:49:46 GMT+0800 (CST)] /javascripts/jquery.js {} {}
[Sun Jan 04 2015 23:49:46 GMT+0800 (CST)] /users/stylesheets/bootstrap-responsive.css {} {}
[Sun Jan 04 2015 23:49:47 GMT+0800 (CST)] / {} {}
[Sun Jan 04 2015 23:49:47 GMT+0800 (CST)] /javascripts/jquery.js {} {}
[Sun Jan 04 2015 23:49:51 GMT+0800 (CST)] /logout {} {}
[Sun Jan 04 2015 23:49:51 GMT+0800 (CST)] / {} {}
[Sun Jan 04 2015 23:49:52 GMT+0800 (CST)] /javascripts/jquery.js {} {}
[Sun Jan 04 2015 23:49:54 GMT+0800 (CST)] /logout {} {}
[Sun Jan 04 2015 23:50:08 GMT+0800 (CST)] /login {} {}
[Sun Jan 04 2015 23:50:08 GMT+0800 (CST)] /javascripts/jquery.js {} {}
[Sun Jan 04 2015 23:50:09 GMT+0800 (CST)] / {} {}
[Sun Jan 04 2015 23:50:09 GMT+0800 (CST)] /javascripts/jquery.js {} {}
[Sun Jan 04 2015 23:50:09 GMT+0800 (CST)] / {} {}
[Sun Jan 04 2015 23:50:09 GMT+0800 (CST)] /javascripts/jquery.js {} {}
[Sun Jan 04 2015 23:50:14 GMT+0800 (CST)] /reg {} {}
[Sun Jan 04 2015 23:50:14 GMT+0800 (CST)] /javascripts/jquery.js {} {}
[Sun Jan 04 2015 23:50:16 GMT+0800 (CST)] / {} {}
[Sun Jan 04 2015 23:50:16 GMT+0800 (CST)] /javascripts/jquery.js {} {}
[Mon Jan 05 2015 00:00:57 GMT+0800 (CST)] / {} {}
[Mon Jan 05 2015 00:00:57 GMT+0800 (CST)] /javascripts/jquery.js {} {}
[Mon Jan 05 2015 00:01:00 GMT+0800 (CST)] /login {} {}
[Mon Jan 05 2015 00:01:00 GMT+0800 (CST)] /javascripts/jquery.js {} {}
[Mon Jan 05 2015 00:01:04 GMT+0800 (CST)] /login { username: '1', password: '1234' } {}
[Mon Jan 05 2015 00:06:48 GMT+0800 (CST)] / {} {}
[Mon Jan 05 2015 00:06:48 GMT+0800 (CST)] /javascripts/jquery.js {} {}
[Mon Jan 05 2015 00:06:48 GMT+0800 (CST)] /favicon.ico {} {}
