0 info it worked if it ends with ok
1 verbose cli [ 'node', '/usr/local/bin/npm', 'install' ]
2 info using npm@1.4.28
3 info using node@v0.10.32
4 verbose readDependencies using package.json deps
5 verbose install where, deps [ '/Users/Yalin/workSpace/NodeJS/microblog',
5 verbose install   [ 'express',
5 verbose install     'body-parser',
5 verbose install     'cookie-parser',
5 verbose install     'morgan',
5 verbose install     'serve-favicon',
5 verbose install     'debug',
5 verbose install     'jade',
5 verbose install     'mongodb',
5 verbose install     'ejs',
5 verbose install     'express-partials',
5 verbose install     'jquery',
5 verbose install     'mongoose' ] ]
6 info preinstall microblog@0.0.0
7 verbose readDependencies using package.json deps
8 verbose already installed skipping express@~4.9.0 /Users/Yalin/workSpace/NodeJS/microblog
9 verbose already installed skipping body-parser@~1.8.1 /Users/Yalin/workSpace/NodeJS/microblog
10 verbose already installed skipping cookie-parser@~1.3.3 /Users/Yalin/workSpace/NodeJS/microblog
11 verbose already installed skipping morgan@~1.3.0 /Users/Yalin/workSpace/NodeJS/microblog
12 verbose already installed skipping serve-favicon@~2.1.3 /Users/Yalin/workSpace/NodeJS/microblog
13 verbose already installed skipping debug@~2.0.0 /Users/Yalin/workSpace/NodeJS/microblog
14 verbose already installed skipping jade@~1.6.0 /Users/Yalin/workSpace/NodeJS/microblog
15 verbose already installed skipping mongodb@<=2.6.6 /Users/Yalin/workSpace/NodeJS/microblog
16 verbose already installed skipping ejs@~1.0 /Users/Yalin/workSpace/NodeJS/microblog
17 verbose already installed skipping express-partials@~0.3.0 /Users/Yalin/workSpace/NodeJS/microblog
18 verbose already installed skipping jquery@~2.1.3 /Users/Yalin/workSpace/NodeJS/microblog
19 verbose cache add [ 'mongoose@~3.9.7', null ]
20 verbose cache add name=undefined spec="mongoose@~3.9.7" args=["mongoose@~3.9.7",null]
21 verbose parsed url { protocol: null,
21 verbose parsed url   slashes: null,
21 verbose parsed url   auth: null,
21 verbose parsed url   host: null,
21 verbose parsed url   port: null,
21 verbose parsed url   hostname: null,
21 verbose parsed url   hash: null,
21 verbose parsed url   search: null,
21 verbose parsed url   query: null,
21 verbose parsed url   pathname: 'mongoose@~3.9.7',
21 verbose parsed url   path: 'mongoose@~3.9.7',
21 verbose parsed url   href: 'mongoose@~3.9.7' }
22 verbose cache add name="mongoose" spec="~3.9.7" args=["mongoose","~3.9.7"]
23 verbose parsed url { protocol: null,
23 verbose parsed url   slashes: null,
23 verbose parsed url   auth: null,
23 verbose parsed url   host: null,
23 verbose parsed url   port: null,
23 verbose parsed url   hostname: null,
23 verbose parsed url   hash: null,
23 verbose parsed url   search: null,
23 verbose parsed url   query: null,
23 verbose parsed url   pathname: '~3.9.7',
23 verbose parsed url   path: '~3.9.7',
23 verbose parsed url   href: '~3.9.7' }
24 verbose addNamed [ 'mongoose', '~3.9.7' ]
25 verbose addNamed [ null, '>=3.9.7-0 <3.10.0-0' ]
26 silly lockFile 74e141ec-mongoose-3-9-7 mongoose@~3.9.7
27 verbose lock mongoose@~3.9.7 /Users/Yalin/.npm/74e141ec-mongoose-3-9-7.lock
28 silly addNameRange { name: 'mongoose',
28 silly addNameRange   range: '>=3.9.7-0 <3.10.0-0',
28 silly addNameRange   hasData: false }
29 verbose request where is /mongoose
30 verbose request registry https://registry.npm.taobao.org/
31 verbose request id fa641b3b983846de
32 verbose url raw /mongoose
33 verbose url resolving [ 'https://registry.npm.taobao.org/', './mongoose' ]
34 verbose url resolved https://registry.npm.taobao.org/mongoose
35 verbose request where is https://registry.npm.taobao.org/mongoose
36 info trying registry request attempt 1 at 15:59:18
37 verbose etag "1418927991000"
38 http GET https://registry.npm.taobao.org/mongoose
39 http 304 https://registry.npm.taobao.org/mongoose
40 silly registry.get cb [ 304,
40 silly registry.get   { server: 'nginx/1.1.19',
40 silly registry.get     date: 'Tue, 30 Dec 2014 07:59:19 GMT',
40 silly registry.get     connection: 'keep-alive',
40 silly registry.get     'x-powered-by': 'koa',
40 silly registry.get     etag: '"1418927991000"',
40 silly registry.get     'x-readtime': '6' } ]
41 verbose etag https://registry.npm.taobao.org/mongoose from cache
42 silly addNameRange number 2 { name: 'mongoose', range: '>=3.9.7-0 <3.10.0-0', hasData: true }
43 silly addNameRange versions [ 'mongoose',
43 silly addNameRange   [ '3.8.21',
43 silly addNameRange     '3.9.6',
43 silly addNameRange     '3.8.20',
43 silly addNameRange     '3.9.5',
43 silly addNameRange     '3.8.19',
43 silly addNameRange     '3.9.4',
43 silly addNameRange     '3.8.18',
43 silly addNameRange     '3.9.3',
43 silly addNameRange     '3.8.17',
43 silly addNameRange     '3.9.2',
43 silly addNameRange     '3.8.16',
43 silly addNameRange     '3.9.1',
43 silly addNameRange     '3.8.15',
43 silly addNameRange     '3.8.14',
43 silly addNameRange     '3.8.13',
43 silly addNameRange     '3.8.12',
43 silly addNameRange     '3.9.0',
43 silly addNameRange     '3.8.11',
43 silly addNameRange     '3.8.10',
43 silly addNameRange     '3.8.9',
43 silly addNameRange     '3.8.8',
43 silly addNameRange     '3.8.7',
43 silly addNameRange     '3.8.6',
43 silly addNameRange     '3.8.5',
43 silly addNameRange     '3.8.4',
43 silly addNameRange     '3.8.3',
43 silly addNameRange     '3.8.2',
43 silly addNameRange     '3.8.1',
43 silly addNameRange     '3.8.0',
43 silly addNameRange     '3.7.4',
43 silly addNameRange     '3.6.20',
43 silly addNameRange     '3.6.19',
43 silly addNameRange     '3.7.3',
43 silly addNameRange     '3.6.18',
43 silly addNameRange     '3.0.0-alpha2',
43 silly addNameRange     '3.6.0-rc1',
43 silly addNameRange     '3.0.0-alpha1',
43 silly addNameRange     '3.6.0-rc0',
43 silly addNameRange     '3.0.0-rc0',
43 silly addNameRange     '3.7.2',
43 silly addNameRange     '3.6.17',
43 silly addNameRange     '3.5.16',
43 silly addNameRange     '3.6.16',
43 silly addNameRange     '3.7.0',
43 silly addNameRange     '3.5.15',
43 silly addNameRange     '3.6.15',
43 silly addNameRange     '3.6.14',
43 silly addNameRange     '3.6.13',
43 silly addNameRange     '3.6.12',
43 silly addNameRange     '3.6.11',
43 silly addNameRange     '3.5.14',
43 silly addNameRange     '3.5.13',
43 silly addNameRange     '3.6.10',
43 silly addNameRange     '3.6.9',
43 silly addNameRange     '3.6.8',
43 silly addNameRange     '3.5.12',
43 silly addNameRange     '3.6.7',
43 silly addNameRange     '3.6.6',
43 silly addNameRange     '3.6.5',
43 silly addNameRange     '3.6.4',
43 silly addNameRange     '3.5.11',
43 silly addNameRange     '3.6.3',
43 silly addNameRange     '3.5.10',
43 silly addNameRange     '3.6.2',
43 silly addNameRange     '3.5.9',
43 silly addNameRange     '2.9.10',
43 silly addNameRange     '3.5.8',
43 silly addNameRange     '3.5.7',
43 silly addNameRange     '3.5.6',
43 silly addNameRange     '2.9.9',
43 silly addNameRange     '2.9.8',
43 silly addNameRange     '3.5.5',
43 silly addNameRange     '3.5.4',
43 silly addNameRange     '2.9.7',
43 silly addNameRange     '2.9.6',
43 silly addNameRange     '3.5.3',
43 silly addNameRange     '3.5.2',
43 silly addNameRange     '3.5.1',
43 silly addNameRange     '3.5.0',
43 silly addNameRange     '2.9.5',
43 silly addNameRange     '2.9.4',
43 silly addNameRange     '3.4.0',
43 silly addNameRange     '2.9.3',
43 silly addNameRange     '3.3.1',
43 silly addNameRange     '3.3.0',
43 silly addNameRange     '3.2.2',
43 silly addNameRange     '2.9.2',
43 silly addNameRange     '3.2.1',
43 silly addNameRange     '2.9.1',
43 silly addNameRange     '3.2.0',
43 silly addNameRange     '2.9.0',
43 silly addNameRange     '2.8.3',
43 silly addNameRange     '2.8.2',
43 silly addNameRange     '3.1.1',
43 silly addNameRange     '2.8.1',
43 silly addNameRange     '3.1.0',
43 silly addNameRange     '3.0.3',
43 silly addNameRange     '2.8.0',
43 silly addNameRange     '3.0.2',
43 silly addNameRange     '3.0.1',
43 silly addNameRange     '3.0.0',
43 silly addNameRange     '2.7.3',
43 silly addNameRange     '2.7.4',
43 silly addNameRange     '2.7.2',
43 silly addNameRange     '2.7.1',
43 silly addNameRange     '2.7.0',
43 silly addNameRange     '2.6.8',
43 silly addNameRange     '2.6.7',
43 silly addNameRange     '2.6.6',
43 silly addNameRange     '2.6.5',
43 silly addNameRange     '2.6.4',
43 silly addNameRange     '2.6.3',
43 silly addNameRange     '2.6.2',
43 silly addNameRange     '2.6.1',
43 silly addNameRange     '2.6.0',
43 silly addNameRange     '2.5.14',
43 silly addNameRange     '2.5.13',
43 silly addNameRange     '2.5.12',
43 silly addNameRange     '2.5.11',
43 silly addNameRange     '2.5.10',
43 silly addNameRange     '2.5.9',
43 silly addNameRange     '2.5.8',
43 silly addNameRange     '2.5.7',
43 silly addNameRange     '2.5.6',
43 silly addNameRange     '2.5.5',
43 silly addNameRange     '2.5.4',
43 silly addNameRange     '2.5.3',
43 silly addNameRange     '2.5.2',
43 silly addNameRange     '2.5.1',
43 silly addNameRange     '2.5.0',
43 silly addNameRange     '2.4.10',
43 silly addNameRange     '2.4.9',
43 silly addNameRange     '2.4.8',
43 silly addNameRange     '2.4.7',
43 silly addNameRange     '2.4.6',
43 silly addNameRange     '2.4.5',
43 silly addNameRange     '2.4.4',
43 silly addNameRange     '2.4.3',
43 silly addNameRange     '2.4.2',
43 silly addNameRange     '2.4.1',
43 silly addNameRange     '2.4.0',
43 silly addNameRange     '2.3.13',
43 silly addNameRange     '2.3.12',
43 silly addNameRange     '2.3.11',
43 silly addNameRange     '2.3.10',
43 silly addNameRange     '2.3.9',
43 silly addNameRange     '2.3.8',
43 silly addNameRange     '2.3.7',
43 silly addNameRange     '2.3.6',
43 silly addNameRange     '2.3.5',
43 silly addNameRange     '2.3.4',
43 silly addNameRange     '2.3.3',
43 silly addNameRange     '2.3.2',
43 silly addNameRange     '2.3.1',
43 silly addNameRange     '2.3.0',
43 silly addNameRange     '2.2.4',
43 silly addNameRange     '2.2.3',
43 silly addNameRange     '2.2.2',
43 silly addNameRange     '2.2.1',
43 silly addNameRange     '2.2.0',
43 silly addNameRange     '2.1.4',
43 silly addNameRange     '2.1.3',
43 silly addNameRange     '2.1.2',
43 silly addNameRange     '2.1.1',
43 silly addNameRange     '2.1.0',
43 silly addNameRange     '2.0.4',
43 silly addNameRange     '2.0.3',
43 silly addNameRange     '2.0.2',
43 silly addNameRange     '2.0.1',
43 silly addNameRange     '2.0.0',
43 silly addNameRange     '1.8.4',
43 silly addNameRange     '1.8.3',
43 silly addNameRange     '1.8.2',
43 silly addNameRange     '1.8.1',
43 silly addNameRange     '1.8.0',
43 silly addNameRange     '1.7.4',
43 silly addNameRange     '1.7.3',
43 silly addNameRange     '1.7.2',
43 silly addNameRange     '1.6.0',
43 silly addNameRange     '1.5.0',
43 silly addNameRange     '1.4.0',
43 silly addNameRange     '1.3.7',
43 silly addNameRange     '1.3.6',
43 silly addNameRange     '1.3.5',
43 silly addNameRange     '1.3.4',
43 silly addNameRange     '1.3.3',
43 silly addNameRange     '1.3.2',
43 silly addNameRange     '1.3.1',
43 silly addNameRange     '1.3.0',
43 silly addNameRange     '1.2.0',
43 silly addNameRange     '1.1.25',
43 silly addNameRange     '1.1.24',
43 silly addNameRange     '1.1.23',
43 silly addNameRange     '1.1.22',
43 silly addNameRange     '1.1.21',
43 silly addNameRange     '1.1.20',
43 silly addNameRange     '1.1.19',
43 silly addNameRange     '1.1.18',
43 silly addNameRange     '1.1.17',
43 silly addNameRange     '1.1.16',
43 silly addNameRange     '1.1.15',
43 silly addNameRange     '1.1.14',
43 silly addNameRange     '1.1.13',
43 silly addNameRange     '1.1.12',
43 silly addNameRange     '1.1.11',
43 silly addNameRange     '1.1.10',
43 silly addNameRange     '1.1.9',
43 silly addNameRange     '1.1.8',
43 silly addNameRange     '1.1.7',
43 silly addNameRange     '1.1.6',
43 silly addNameRange     '1.1.5',
43 silly addNameRange     '1.1.4',
43 silly addNameRange     '1.1.3',
43 silly addNameRange     '1.1.2',
43 silly addNameRange     '1.1.1',
43 silly addNameRange     '1.1.0',
43 silly addNameRange     '1.0.16',
43 silly addNameRange     '1.0.15',
43 silly addNameRange     '1.0.14',
43 silly addNameRange     '1.0.13',
43 silly addNameRange     '1.0.12',
43 silly addNameRange     '1.0.11',
43 silly addNameRange     '1.0.10',
43 silly addNameRange     '1.0.8',
43 silly addNameRange     '1.0.7',
43 silly addNameRange     '1.0.6',
43 silly addNameRange     '1.0.5',
43 silly addNameRange     '1.0.4',
43 silly addNameRange     '1.0.3',
43 silly addNameRange     '0.0.6',
43 silly addNameRange     '1.0.2',
43 silly addNameRange     '1.0.1',
43 silly addNameRange     '1.0.0',
43 silly addNameRange     '0.0.5',
43 silly addNameRange     '0.0.4',
43 silly addNameRange     '0.0.3',
43 silly addNameRange     '0.0.2',
43 silly addNameRange     '0.0.1' ] ]
44 silly lockFile 74e141ec-mongoose-3-9-7 mongoose@~3.9.7
45 silly lockFile 74e141ec-mongoose-3-9-7 mongoose@~3.9.7
46 error notarget No compatible version found: mongoose@'>=3.9.7-0 <3.10.0-0'
46 error notarget Valid install targets:
46 error notarget ["3.8.21","3.9.6","3.8.20","3.9.5","3.8.19","3.9.4","3.8.18","3.9.3","3.8.17","3.9.2","3.8.16","3.9.1","3.8.15","3.8.14","3.8.13","3.8.12","3.9.0","3.8.11","3.8.10","3.8.9","3.8.8","3.8.7","3.8.6","3.8.5","3.8.4","3.8.3","3.8.2","3.8.1","3.8.0","3.7.4","3.6.20","3.6.19","3.7.3","3.6.18","3.0.0-alpha2","3.6.0-rc1","3.0.0-alpha1","3.6.0-rc0","3.0.0-rc0","3.7.2","3.6.17","3.5.16","3.6.16","3.7.0","3.5.15","3.6.15","3.6.14","3.6.13","3.6.12","3.6.11","3.5.14","3.5.13","3.6.10","3.6.9","3.6.8","3.5.12","3.6.7","3.6.6","3.6.5","3.6.4","3.5.11","3.6.3","3.5.10","3.6.2","3.5.9","2.9.10","3.5.8","3.5.7","3.5.6","2.9.9","2.9.8","3.5.5","3.5.4","2.9.7","2.9.6","3.5.3","3.5.2","3.5.1","3.5.0","2.9.5","2.9.4","3.4.0","2.9.3","3.3.1","3.3.0","3.2.2","2.9.2","3.2.1","2.9.1","3.2.0","2.9.0","2.8.3","2.8.2","3.1.1","2.8.1","3.1.0","3.0.3","2.8.0","3.0.2","3.0.1","3.0.0","2.7.3","2.7.4","2.7.2","2.7.1","2.7.0","2.6.8","2.6.7","2.6.6","2.6.5","2.6.4","2.6.3","2.6.2","2.6.1","2.6.0","2.5.14","2.5.13","2.5.12","2.5.11","2.5.10","2.5.9","2.5.8","2.5.7","2.5.6","2.5.5","2.5.4","2.5.3","2.5.2","2.5.1","2.5.0","2.4.10","2.4.9","2.4.8","2.4.7","2.4.6","2.4.5","2.4.4","2.4.3","2.4.2","2.4.1","2.4.0","2.3.13","2.3.12","2.3.11","2.3.10","2.3.9","2.3.8","2.3.7","2.3.6","2.3.5","2.3.4","2.3.3","2.3.2","2.3.1","2.3.0","2.2.4","2.2.3","2.2.2","2.2.1","2.2.0","2.1.4","2.1.3","2.1.2","2.1.1","2.1.0","2.0.4","2.0.3","2.0.2","2.0.1","2.0.0","1.8.4","1.8.3","1.8.2","1.8.1","1.8.0","1.7.4","1.7.3","1.7.2","1.6.0","1.5.0","1.4.0","1.3.7","1.3.6","1.3.5","1.3.4","1.3.3","1.3.2","1.3.1","1.3.0","1.2.0","1.1.25","1.1.24","1.1.23","1.1.22","1.1.21","1.1.20","1.1.19","1.1.18","1.1.17","1.1.16","1.1.15","1.1.14","1.1.13","1.1.12","1.1.11","1.1.10","1.1.9","1.1.8","1.1.7","1.1.6","1.1.5","1.1.4","1.1.3","1.1.2","1.1.1","1.1.0","1.0.16","1.0.15","1.0.14","1.0.13","1.0.12","1.0.11","1.0.10","1.0.8","1.0.7","1.0.6","1.0.5","1.0.4","1.0.3","0.0.6","1.0.2","1.0.1","1.0.0","0.0.5","0.0.4","0.0.3","0.0.2","0.0.1"]
46 error notarget
46 error notarget This is most likely not a problem with npm itself.
46 error notarget In most cases you or one of your dependencies are requesting
46 error notarget a package version that doesn't exist.
47 error System Darwin 14.0.0
48 error command "node" "/usr/local/bin/npm" "install"
49 error cwd /Users/Yalin/workSpace/NodeJS/microblog
50 error node -v v0.10.32
51 error npm -v 1.4.28
52 error code ETARGET
53 verbose exit [ 1, true ]
